1 10 20
100 200 125
201 210 89
900 1000 174
1000 900 174
10 10 7
4383 7672 262
42 270 128
7308 6531 257
9464 7329 260
540 522 124
42 70 113
4954 3625 238
876 1764 182
4813 6102 236
8256 9256 247
895 476 179
413 341 134
385 125 144
9485 8912 260
6174 7116 257
4109 5013 215
4145 5124 215
5719 1234 238
300 255 123
255 300 123
25 100 119
1324 960 182
3123 4456 238
2313 2890 209
318 230 131
7851 8632 252
3851 3948 189
9895 8458 260
43 10 112
105 246 128
4143 3983 189
5912 6120 187
302 412 144
3479 2952 199
4612 3643 238
3098 2124 217
817 671 171
643 359 142
3872 4182 189
61 20 113
781 932 179
8722 7312 252
2412 4634 238
3158 2039 217
8182 7629 252
839 964 179
9542 7175 260
457 243 144
4309 2749 238
1972 5929 238
574 705 171
8067 8649 234
2635 2394 209
4278 3105 238
7843 6590 257
9056 8123 247
651 515 145
325 192 131
357 623 142
5013 2756 238
4126 5871 236
765 913 179
4091 6596 262
5350 6579 262
8723 9650 260
3675 1263 217
7083 6576 257
3729 2591 238
509 639 137
6103 5782 218
802 986 179
3427 2023 217
740 920 179
7392 6105 262
3756 2015 238
56 56 20
45 67 113
6601 7840 257
675 856 171
8710 9825 260
8210 7750 252
6304 6182 187
1987 2613 209
4056 3870 189
3023 4781 238
1927 3013 217
667 846 171
69 72 103
580 257 144
2875 1023 209
8120 9340 260
3877 4601 215
725 661 171
675 827 171
8279 9057 247
